1759083160174:help
1759084773739:./mvnw spring-boo
1759085714689:help
1759087954895:add
1759088007892:delete
1759088010955:complete
1759088011756:list
1759088012535:add
1759088225906:add dat
1759088288420:add
1759088768593:add dat
1759088963017:add
1759089698986:help
1759091120156:complete
1759095807395:add
1759095880263:list
1759095920564:add
1759095926396:list
1759096367359:add
1759096378795:list
1759096396166:complete 3
1759096413071:complete 2
1759096416274:list
1759097161524:add
1759097173624:list
1759097179904:delete 3
1759097182193:list
1759102061686:add
1759102062960:sgrth
1759102119928:add
1759102127597:add asfergone
1759102130820:add dfgornthotrin
1759102132978:add oifhnrotihjrth
1759102134992:add trhoirhnrsn
1759102135828:list
1759103615126:asdf
1759103618048:add asdf
1759103619692:add zxcv
1759103621440:list
1759103629013:complete 2
1759103697095:add asdfg
1759103698909:add zxcvb
1759103702914:complete 2
1759103719813:add asdfg
1759103721680:add zxcvb
1759103724546:complete 2
1759103751862:asdfg
1759103753739:add asdfg
1759103756311:add asdfgh
1759103758428:complete 2
1759103810208:add asdf
1759103812411:add asdghhj
1759103814477:complete 2
1759103816457:list
1759103819299:save
1759103827886:help
1759103836235:savefile
1759103848649:list
1759103922424:add asdfgh
1759103924583:add asdghj
1759103926407:list
1759103929193:complete 2
1759103933595:savefile
1759103971269:add asdfgerh
1759103973256:add sdfgoneh
1759103974464:list
1759103976501:complete 2
1759103979738:savefile
1759104306706:list
1759104310005:add asdgh
1759104311746:add asdgero
1759104313513:add weriojwrg
1759104314237:list
1759104316456:complete 2
1759104319029:list
1759104325597:savefile
1759104407499:add asdgjh
1759104409039:add sgoeirg
1759104410041:list
1759104411872:complete 2
1759104413975:list
1759104416879:savefile
1759104609230:load
1759104611129:list
1759104615599:load
1759104918392:list
1759104963215:loadfile
1759104964926:list
1759106920159:loadfile
1759106924375:add asdghj
1759106925891:add erhoeirh
1759106931405:list
1759106936117:savefile
1759106945176:loadfile
1759107088886:list
1759107099114:savefile
1759107103267:loadfile
1759107104570:list
1759107393379:add asfrsdgnerg
1759107394848:add sgoierne
1759107397620:add asdlereorhbn eofnwrog
1759107401289:list
1759107403180:savefile
1759110880038:add asderk;j
1759110882291:add erdoerngerg
1759110884935:add asdjklwnrg asfoiwnrgn
1759110887117:list
1759111112977:delete 2
1759111114774:list
1759111808495:add asdilweg
1759111810443:add asd;wegwoeig
1759111812402:list
1759111815792:savefile
1759111817792:loadfile
1759111819431:list
1759111825419:delete 2
1759111827275:list
1759111838185:savefile
1759111884717:add ergoienrg
1759111886317:add wefgwkewrg
1759111887257:list
1759111902062:delete 1
1759111903642:list
1759113322513:swap dat
1759113325114:change dat
1759113370038:change txt
1759113374798:change dat
1759113381122:loadfile
1759113383055:load
1759113384289:list
1759113568057:add Attend morning stand up
1759113573832:add Refactor Code
1759113582721:add Implement Depency Injection
1759113606972:add Commit
1759113609240:list
1759113629290:complete 4
1759113633137:list
1759113639868:change txt
1759113641656:save
1759113781900:add have lunch
1759113783723:list
1759113836756:add "Have lunch"
1759113838924:list
1759114006200:add have lunch
1759114007882:list
1759114055742:add have lunch
1759114058123:list
1759114180026:add
1759114184284:list
1759114327835:add sdfoinwert throthinrt
1759114337052:list
1759114475812:add
1759114488626:list
1759114494074:complete 1
1759114496254:list
1759114512077:memory
1759114519482:help
1759114670568:add seven pounds of butter
1759114685287:list
1759114693893:change txt
1759114729149:load
1759114731038:list
1759114742471:complete 3
1759114745549:delete 2
1759114747211:list
1759114776602:add Design framework
1759114787007:add Attend Standup
1759114805719:add
1759114839531:list
1759114843529:complete 3
1759114863088:add
1759114881873:add Design Framework
1759114891264:add
1759114906516:add Commit Changes
1759114912529:list
1759114920991:complete 1
1759114922802:complete 2
1759114924662:complete 3
1759114939256:list
1759114945120:load
1759114951199:save
1759114958507:load
1759114959895:list
1759115033673:help
1759115117333:loadfile
1759115119749:load
1759115121306:list
1759115692904:add
1759115696941:list
1759115698539:load
1759115700364:list
1759115764843:load
1759116378682:change dat
1759116387540:add
1759116390891:list
1759116393896:save
